2022-11-19 19:07:36:736 [35mhttp[39m: [35mGET /feed 200 828 - 49.876 ms[39m
2022-11-19 19:17:56:1756 [35mhttp[39m: [35mGET /feed 200 828 - 3.874 ms[39m
2022-11-19 19:17:57:1757 [35mhttp[39m: [35mGET /feed 200 828 - 3.628 ms[39m
2022-11-19 19:17:59:1759 [35mhttp[39m: [35mGET /feed 200 828 - 3.158 ms[39m
2022-11-19 19:18:03:183 [35mhttp[39m: [35mGET /feed 200 828 - 2.314 ms[39m
2022-11-19 19:18:26:1826 [35mhttp[39m: [35mGET /feed 200 828 - 2.179 ms[39m
2022-11-19 19:48:50:4850 [35mhttp[39m: [35mGET /feed 404 143 - 1.062 ms[39m
2022-11-19 19:48:55:4855 [35mhttp[39m: [35mGET /api/feed 200 828 - 30.634 ms[39m
2022-11-19 20:22:20:2220 [35mhttp[39m: [35mGET / 404 139 - 1.676 ms[39m
2022-11-19 20:22:26:2226 [35mhttp[39m: [35mGET /api 404 142 - 1.256 ms[39m
2022-11-19 20:22:30:2230 [35mhttp[39m: [35mGET /api/users 200 153 - 27.052 ms[39m
2022-11-19 20:22:30:2230 [35mhttp[39m: [35mGET /favicon.ico 404 150 - 0.296 ms[39m
2022-11-19 20:23:56:2356 [35mhttp[39m: [35mGET /api/users 304 - - 1.792 ms[39m
2022-11-19 20:23:57:2357 [35mhttp[39m: [35mGET /api/users 304 - - 1.740 ms[39m
2022-11-19 20:23:59:2359 [35mhttp[39m: [35mGET /api/users 304 - - 1.723 ms[39m
2022-11-19 20:24:04:244 [35mhttp[39m: [35mGET /api/users 304 - - 1.766 ms[39m
2022-11-19 20:24:53:2453 [35mhttp[39m: [35mGET /api/users 304 - - 1.334 ms[39m
2022-11-19 20:24:54:2454 [35mhttp[39m: [35mGET /api/users 304 - - 1.052 ms[39m
2022-11-19 20:24:55:2455 [35mhttp[39m: [35mOPTIONS /api/users 200 8 - 0.687 ms[39m
2022-11-19 20:26:09:269 [35mhttp[39m: [35mOPTIONS /api/users 200 8 - 1.106 ms[39m
2022-11-19 20:26:11:2611 [35mhttp[39m: [35mOPTIONS /api/users 200 8 - 0.278 ms[39m
2022-11-19 20:28:04:284 [35mhttp[39m: [35mOPTIONS /api/users 200 8 - 0.491 ms[39m
2022-11-19 20:28:06:286 [35mhttp[39m: [35mOPTIONS /api/users 200 8 - 0.237 ms[39m
2022-11-19 20:28:30:2830 [35mhttp[39m: [35mOPTIONS /api/users 200 8 - 0.763 ms[39m
2022-11-19 20:28:31:2831 [35mhttp[39m: [35mOPTIONS /api/users 200 8 - 1.800 ms[39m
2022-11-19 20:37:34:3734 [35mhttp[39m: [35mGET /api/users 304 - - 59.444 ms[39m
2022-11-19 20:38:06:386 [35mhttp[39m: [35mGET /api/users 304 - - 1.736 ms[39m
2022-11-19 20:39:20:3920 [35mhttp[39m: [35mGET /apihttp://localhost:8000/api/users 404 173 - 1.012 ms[39m
2022-11-19 20:39:23:3923 [35mhttp[39m: [35mGET /apihttp://localhost:8000/api/users 404 173 - 0.624 ms[39m
2022-11-19 20:39:25:3925 [35mhttp[39m: [35mGET /apiusers 404 147 - 0.186 ms[39m
2022-11-19 20:39:40:3940 [35mhttp[39m: [35mGET /apiusers 404 147 - 0.127 ms[39m
2022-11-19 20:39:52:3952 [35mhttp[39m: [35mGET /apiusers 404 147 - 0.279 ms[39m
2022-11-19 20:39:55:3955 [35mhttp[39m: [35mGET /api/users 200 153 - 1.674 ms[39m
2022-11-19 20:41:30:4130 [35mhttp[39m: [35mGET /api/users 200 153 - 2.660 ms[39m
2022-11-19 20:42:30:4230 [35mhttp[39m: [35mGET /api/users 304 - - 3.330 ms[39m
2022-11-19 20:44:03:443 [35mhttp[39m: [35mGET /api/users 304 - - 2.216 ms[39m
2022-11-19 20:44:38:4438 [35mhttp[39m: [35mGET /api/users 304 - - 1.043 ms[39m
2022-11-19 20:46:23:4623 [35mhttp[39m: [35mGET /api/users 304 - - 2.309 ms[39m
2022-11-19 20:51:16:5116 [35mhttp[39m: [35mGET /api/users 304 - - 3.847 ms[39m
2022-11-19 20:51:21:5121 [35mhttp[39m: [35mGET /api/users 304 - - 11.902 ms[39m
2022-11-19 20:51:33:5133 [35mhttp[39m: [35mGET /api/users 304 - - 3.833 ms[39m
2022-11-19 20:54:09:549 [35mhttp[39m: [35mGET /api/users 304 - - 0.961 ms[39m
2022-11-19 20:58:29:5829 [35mhttp[39m: [35mGET /api/users 304 - - 2.338 ms[39m
2022-11-19 21:01:45:145 [35mhttp[39m: [35mGET /api/users 304 - - 2.009 ms[39m
2022-11-19 21:04:46:446 [35mhttp[39m: [35mGET /api/users 304 - - 0.890 ms[39m
2022-11-19 21:04:48:448 [35mhttp[39m: [35mGET /api/users 304 - - 0.917 ms[39m
2022-11-19 21:07:33:733 [35mhttp[39m: [35mGET /api/users 304 - - 1.547 ms[39m
2022-11-19 21:09:53:953 [35mhttp[39m: [35mGET /api/users 304 - - 0.712 ms[39m
2022-11-19 21:16:42:1642 [35mhttp[39m: [35mGET /api/users 304 - - 1.527 ms[39m
2022-11-19 21:16:45:1645 [35mhttp[39m: [35mGET /api/users 304 - - 0.749 ms[39m
2022-11-19 21:18:59:1859 [35mhttp[39m: [35mGET /api/users 304 - - 2.970 ms[39m
2022-11-19 21:25:19:2519 [35mhttp[39m: [35mGET /api/users 304 - - 2.093 ms[39m
2022-11-19 21:27:51:2751 [35mhttp[39m: [35mGET /api/users 304 - - 4.352 ms[39m
2022-11-19 21:29:49:2949 [35mhttp[39m: [35mGET /api/user/[object%20Object] 404 165 - 1.100 ms[39m
2022-11-19 21:30:00:300 [35mhttp[39m: [35mGET /api/user/[object%20Object] 404 165 - 0.292 ms[39m
2022-11-19 21:30:02:302 [35mhttp[39m: [35mGET /api/user/[object%20Object] 404 165 - 0.560 ms[39m
2022-11-19 21:30:12:3012 [35mhttp[39m: [35mGET /api/user/2 404 149 - 0.248 ms[39m
2022-11-19 21:30:55:3055 [35mhttp[39m: [35mGET /api/user/2 404 149 - 1.482 ms[39m
2022-11-19 21:30:57:3057 [35mhttp[39m: [35mGET /api/user/2/drafts 200 2 - 12.473 ms[39m
2022-11-19 21:32:13:3213 [35mhttp[39m: [35mGET /api/user/2/drafts 304 - - 2.468 ms[39m
2022-11-19 21:32:16:3216 [35mhttp[39m: [35mGET /api/users/2 404 150 - 0.622 ms[39m
2022-11-19 21:32:31:3231 [35mhttp[39m: [35mGET /api/users/2 200 47 - 13.906 ms[39m
2022-11-19 21:33:14:3314 [35mhttp[39m: [35mGET /api/users/2 304 - - 1.711 ms[39m
2022-11-19 21:34:57:3457 [35mhttp[39m: [35mGET /api/users/2 304 - - 8.602 ms[39m
2022-11-19 21:35:39:3539 [35mhttp[39m: [35mGET /api/users/2 304 - - 1.957 ms[39m
2022-11-19 21:36:29:3629 [35mhttp[39m: [35mGET /api/users/2 304 - - 2.054 ms[39m
2022-11-19 21:36:31:3631 [35mhttp[39m: [35mGET /api/users/2 304 - - 1.362 ms[39m
2022-11-19 21:37:05:375 [35mhttp[39m: [35mGET /api/users/2 304 - - 3.740 ms[39m
2022-11-19 21:37:23:3723 [35mhttp[39m: [35mGET /api/users/2 304 - - 1.991 ms[39m
2022-11-19 21:37:51:3751 [35mhttp[39m: [35mGET /api/users/2 304 - - 1.983 ms[39m
2022-11-19 21:38:15:3815 [35mhttp[39m: [35mGET /api/users/2 304 - - 2.296 ms[39m
2022-11-19 21:40:00:400 [35mhttp[39m: [35mGET /api/users 304 - - 5.171 ms[39m
2022-11-19 21:40:02:402 [35mhttp[39m: [35mGET /api/users/1 200 49 - 2.586 ms[39m
2022-11-19 21:40:43:4043 [35mhttp[39m: [35mGET /api/users/1 304 - - 4.715 ms[39m
2022-11-19 21:41:30:4130 [35mhttp[39m: [35mGET /api/users/1 304 - - 2.966 ms[39m
2022-11-19 21:41:32:4132 [35mhttp[39m: [35mGET /api/users/1 304 - - 2.038 ms[39m
2022-11-19 21:42:02:422 [35mhttp[39m: [35mGET /api/users/1 304 - - 3.646 ms[39m
2022-11-19 21:42:30:4230 [35mhttp[39m: [35mGET /api/users/1 304 - - 4.150 ms[39m
2022-11-19 21:42:34:4234 [35mhttp[39m: [35mGET /api/users/1 304 - - 1.323 ms[39m
2022-11-19 21:42:40:4240 [35mhttp[39m: [35mGET /api/users/1 304 - - 5.476 ms[39m
2022-11-19 21:42:44:4244 [35mhttp[39m: [35mGET /api/users/1 304 - - 1.631 ms[39m
2022-11-19 21:42:46:4246 [35mhttp[39m: [35mGET /api/users/1 304 - - 0.846 ms[39m
2022-11-19 21:43:21:4321 [35mhttp[39m: [35mGET /api/users/1 304 - - 3.144 ms[39m
2022-11-19 21:46:29:4629 [35mhttp[39m: [35mGET /api/users/1 304 - - 2.897 ms[39m
2022-11-19 21:47:01:471 [35mhttp[39m: [35mGET /api/users/1 304 - - 9.961 ms[39m
2022-11-19 21:50:46:5046 [35mhttp[39m: [35mGET /api/users/1 304 - - 2.104 ms[39m
2022-11-19 21:50:46:5046 [35mhttp[39m: [35mGET /api/users/1 304 - - 1.146 ms[39m
2022-11-19 21:59:50:5950 [35mhttp[39m: [35mGET /api/users/1 304 - - 2.688 ms[39m
2022-11-20 20:23:17:2317 [35mhttp[39m: [35mGET /api/users/1 304 - - 84.234 ms[39m
2022-11-23 22:42:08:428 [35mhttp[39m: [35mGET /api/users 200 206 - 54.116 ms[39m
2022-11-23 22:42:10:4210 [35mhttp[39m: [35mGET /api/users 304 - - 2.625 ms[39m
2022-11-23 22:43:17:4317 [35mhttp[39m: [35mGET /api/users/1 200 67 - 14.482 ms[39m
2022-11-23 22:43:29:4329 [35mhttp[39m: [35mGET /api/users 304 - - 0.862 ms[39m
2022-11-23 22:43:32:4332 [35mhttp[39m: [35mGET /api/users/1 304 - - 3.167 ms[39m
2022-11-23 22:43:54:4354 [35mhttp[39m: [35mGET /api/users 304 - - 0.961 ms[39m
2022-11-23 22:48:00:480 [35mhttp[39m: [35mGET /api/users 304 - - 3.856 ms[39m
2022-11-23 23:09:25:925 [35mhttp[39m: [35mGET /api/users 200 206 - 2.719 ms[39m
2022-11-23 23:09:28:928 [35mhttp[39m: [35mGET /api/users/1 304 - - 2.847 ms[39m
2022-11-23 23:09:32:932 [35mhttp[39m: [35mGET /api/users 304 - - 1.105 ms[39m
2022-11-24 15:39:14:3914 [35mhttp[39m: [35mGET /api/users 304 - - 61.631 ms[39m
2022-11-24 15:53:50:5350 [35mhttp[39m: [35mGET /api/users 200 276 - 56.304 ms[39m
2022-11-24 15:54:19:5419 [35mhttp[39m: [35mGET /api/users 200 276 - 44.071 ms[39m
2022-11-24 15:54:50:5450 [35mhttp[39m: [35mGET /api/users/4 200 69 - 18.648 ms[39m
2022-11-24 15:57:43:5743 [35mhttp[39m: [35mPOST /api/users 200 31 - 62.380 ms[39m
2022-11-24 15:57:43:5743 [35mhttp[39m: [35mGET /api/users 200 276 - 4.511 ms[39m
2022-11-24 15:58:43:5843 [35mhttp[39m: [35mPOST /api/users 400 31 - 30.425 ms[39m
2022-11-24 15:58:43:5843 [35mhttp[39m: [35mGET /api/users 304 - - 1.575 ms[39m
2022-11-24 16:02:45:245 [35mhttp[39m: [35mGET /api/users/4 304 - - 33.695 ms[39m
2022-11-24 16:05:58:558 [35mhttp[39m: [35mGET /api/users 500 1424 - 19.804 ms[39m
2022-11-24 16:06:01:61 [35mhttp[39m: [35mGET /api/users 500 1424 - 5.736 ms[39m
2022-11-24 16:06:42:642 [35mhttp[39m: [35mGET /api/users 200 276 - 16.238 ms[39m
2022-11-24 16:09:30:930 [35mhttp[39m: [35mGET /api/users 304 - - 18.372 ms[39m
2022-11-24 16:15:28:1528 [35mhttp[39m: [35mGET /api/users 304 - - 4.182 ms[39m
2022-11-24 16:16:06:166 [35mhttp[39m: [35mGET /api/users/4 304 - - 8.906 ms[39m
2022-11-24 16:16:58:1658 [35mhttp[39m: [35mGET /api/users 304 - - 0.841 ms[39m
2022-11-24 16:22:58:2258 [35mhttp[39m: [35mGET /api/users 304 - - 3.641 ms[39m
2022-11-24 16:23:06:236 [35mhttp[39m: [35mGET /api/users 304 - - 0.945 ms[39m
2022-11-24 16:23:12:2312 [35mhttp[39m: [35mDELETE /api/users/4 200 69 - 6.549 ms[39m
2022-11-24 16:23:14:2314 [35mhttp[39m: [35mDELETE /api/users/4 400 43 - 23.189 ms[39m
2022-11-24 16:24:21:2421 [35mhttp[39m: [35mGET /api/users 200 206 - 4.739 ms[39m
2022-11-24 16:28:13:2813 [35mhttp[39m: [35mGET /api/users 200 276 - 14.655 ms[39m
2022-11-24 16:28:17:2817 [35mhttp[39m: [35mDELETE /api/users/5 200 69 - 5.847 ms[39m
2022-11-24 16:28:17:2817 [35mhttp[39m: [35mGET /api/users 200 206 - 2.208 ms[39m
2022-11-24 16:28:59:2859 [35mhttp[39m: [35mGET /api/users 304 - - 3.834 ms[39m
2022-11-24 16:31:36:3136 [35mhttp[39m: [35mPOST /api/users 200 69 - 3.794 ms[39m
2022-11-24 16:31:36:3136 [35mhttp[39m: [35mGET /api/users 200 276 - 2.493 ms[39m
2022-11-24 16:34:05:345 [35mhttp[39m: [35mDELETE /api/users/6 200 69 - 5.976 ms[39m
2022-11-24 16:34:05:345 [35mhttp[39m: [35mGET /api/users 200 206 - 1.941 ms[39m
2022-11-24 16:35:36:3536 [35mhttp[39m: [35mGET /api/users/1 304 - - 5.490 ms[39m
2022-11-24 16:47:03:473 [35mhttp[39m: [35mGET /api/users/1 304 - - 2.418 ms[39m
2022-11-24 16:51:49:5149 [35mhttp[39m: [35mGET /api/users/1 304 - - 3.257 ms[39m
2022-11-24 16:51:53:5153 [35mhttp[39m: [35mGET /api/users/1 304 - - 4.160 ms[39m
2022-11-24 16:52:02:522 [35mhttp[39m: [35mPUT /api/users/1 200 76 - 5.124 ms[39m
2022-11-24 16:52:02:522 [35mhttp[39m: [35mGET /api/users/1 200 76 - 4.983 ms[39m
2022-11-24 16:53:42:5342 [35mhttp[39m: [35mGET /api/users 200 215 - 2.441 ms[39m
2022-11-24 16:53:57:5357 [35mhttp[39m: [35mGET /api/users/1 304 - - 1.830 ms[39m
2022-11-24 16:56:54:5654 [35mhttp[39m: [35mGET /api/users/1 304 - - 3.471 ms[39m
2022-11-24 16:57:45:5745 [35mhttp[39m: [35mGET /api/users/1 304 - - 1.923 ms[39m
2022-11-24 16:58:03:583 [35mhttp[39m: [35mPUT /api/users/1 200 78 - 4.895 ms[39m
2022-11-24 16:58:03:583 [35mhttp[39m: [35mGET /api/users/1 200 78 - 1.270 ms[39m
2022-11-24 17:02:16:216 [35mhttp[39m: [35mGET /api/users 200 217 - 8.437 ms[39m
2022-11-24 17:02:52:252 [35mhttp[39m: [35mPOST /api/users 200 76 - 4.861 ms[39m
2022-11-24 17:02:52:252 [35mhttp[39m: [35mGET /api/users 200 294 - 1.916 ms[39m
2022-11-24 17:03:10:310 [35mhttp[39m: [35mGET /api/users/7 200 76 - 1.775 ms[39m
2022-11-24 17:03:14:314 [35mhttp[39m: [35mPUT /api/users/7 200 76 - 3.126 ms[39m
2022-11-24 17:03:14:314 [35mhttp[39m: [35mGET /api/users/7 200 76 - 1.675 ms[39m
2022-11-25 09:53:54:5354 [35mhttp[39m: [35mGET /api/users 200 294 - 14.193 ms[39m
2022-11-25 09:54:08:548 [35mhttp[39m: [35mGET /api/users 304 - - 1.585 ms[39m
2022-11-25 09:54:22:5422 [35mhttp[39m: [35mGET /api/users 304 - - 1.465 ms[39m
2022-11-25 09:55:40:5540 [35mhttp[39m: [35mGET /api/users 304 - - 2.456 ms[39m
2022-11-25 09:57:08:578 [35mhttp[39m: [35mGET /api/users 304 - - 8.056 ms[39m
2022-11-25 09:57:09:579 [35mhttp[39m: [35mGET /api/users/1 304 - - 5.070 ms[39m
2022-11-25 09:57:40:5740 [35mhttp[39m: [35mGET /api/users 304 - - 3.292 ms[39m
2022-11-25 09:57:41:5741 [35mhttp[39m: [35mGET /api/users/1 304 - - 2.251 ms[39m
2022-11-25 09:58:20:5820 [35mhttp[39m: [35mGET /api/users 304 - - 2.267 ms[39m
2022-11-25 09:58:22:5822 [35mhttp[39m: [35mGET /api/users/1 304 - - 2.660 ms[39m
2022-11-25 09:58:57:5857 [35mhttp[39m: [35mGET /api/users 304 - - 7.064 ms[39m
2022-11-25 09:58:59:5859 [35mhttp[39m: [35mGET /api/users/1 304 - - 4.415 ms[39m
2022-11-25 09:59:18:5918 [35mhttp[39m: [35mGET /api/users 304 - - 2.525 ms[39m
2022-11-25 09:59:26:5926 [35mhttp[39m: [35mGET /api/users/1 304 - - 1.899 ms[39m
2022-11-25 10:03:40:340 [35mhttp[39m: [35mGET /api/users 200 294 - 4.573 ms[39m
2022-11-25 10:03:43:343 [35mhttp[39m: [35mGET /api/users/1 200 78 - 3.019 ms[39m
2022-11-25 10:04:16:416 [35mhttp[39m: [35mGET /api/users 304 - - 2.352 ms[39m
2022-11-25 10:04:22:422 [35mhttp[39m: [35mGET /api/users/1 304 - - 1.755 ms[39m
2022-11-25 10:06:49:649 [35mhttp[39m: [35mGET /api/users 200 294 - 4.373 ms[39m
2022-11-25 10:07:18:718 [35mhttp[39m: [35mGET /api/users/1 200 78 - 3.856 ms[39m
2022-11-25 10:08:07:87 [35mhttp[39m: [35mGET /api/users 304 - - 1.645 ms[39m
2022-11-25 10:08:21:821 [35mhttp[39m: [35mGET /api/users 304 - - 1.692 ms[39m
2022-11-25 10:08:24:824 [35mhttp[39m: [35mGET /api/users 304 - - 1.756 ms[39m
2022-11-25 10:08:59:859 [35mhttp[39m: [35mGET /api/users 304 - - 5.105 ms[39m
2022-11-25 10:09:00:90 [35mhttp[39m: [35mGET /api/users/1 304 - - 2.290 ms[39m
2022-11-25 10:09:01:91 [35mhttp[39m: [35mGET /api/users 304 - - 1.101 ms[39m
2022-11-25 10:09:03:93 [35mhttp[39m: [35mGET /api/users/2 200 66 - 1.358 ms[39m
2022-11-25 10:09:04:94 [35mhttp[39m: [35mGET /api/users 304 - - 1.230 ms[39m
2022-11-25 10:10:03:103 [35mhttp[39m: [35mGET /api/users 304 - - 2.235 ms[39m
2022-11-25 10:10:07:107 [35mhttp[39m: [35mGET /api/users/1 304 - - 1.852 ms[39m
2022-11-25 10:10:11:1011 [35mhttp[39m: [35mGET /api/users 304 - - 1.188 ms[39m
2022-11-25 10:10:12:1012 [35mhttp[39m: [35mGET /api/users/1 304 - - 1.094 ms[39m
2022-11-25 10:10:14:1014 [35mhttp[39m: [35mGET /api/users 304 - - 1.480 ms[39m
2022-11-25 10:10:15:1015 [35mhttp[39m: [35mGET /api/users/2 304 - - 2.242 ms[39m
2022-11-25 10:10:16:1016 [35mhttp[39m: [35mGET /api/users 304 - - 1.427 ms[39m
2022-11-25 10:14:18:1418 [35mhttp[39m: [35mGET /api/users 304 - - 1.932 ms[39m
2022-11-25 10:14:20:1420 [35mhttp[39m: [35mGET /api/users/1 304 - - 1.743 ms[39m
2022-11-25 10:14:22:1422 [35mhttp[39m: [35mGET /api/users 304 - - 1.202 ms[39m
2022-11-25 10:14:24:1424 [35mhttp[39m: [35mGET /api/users/2 304 - - 1.434 ms[39m
2022-11-25 10:14:25:1425 [35mhttp[39m: [35mGET /api/users 304 - - 0.901 ms[39m
2022-11-25 10:14:40:1440 [35mhttp[39m: [35mGET /api/users 304 - - 2.949 ms[39m
2022-11-25 10:14:52:1452 [35mhttp[39m: [35mGET /api/users 304 - - 5.351 ms[39m
2022-11-25 10:14:53:1453 [35mhttp[39m: [35mGET /api/users/1 304 - - 1.581 ms[39m
2022-11-25 10:15:17:1517 [35mhttp[39m: [35mGET /api/users/1 304 - - 2.050 ms[39m
2022-11-25 10:15:36:1536 [35mhttp[39m: [35mGET /api/users 304 - - 3.648 ms[39m
2022-11-25 10:17:53:1753 [35mhttp[39m: [35mGET /api/users/1 304 - - 3.837 ms[39m
2022-11-25 10:18:43:1843 [35mhttp[39m: [35mGET /api/users 304 - - 2.874 ms[39m
2022-11-25 10:21:19:2119 [35mhttp[39m: [35mGET /api/users 304 - - 4.086 ms[39m
2022-11-25 10:21:25:2125 [35mhttp[39m: [35mGET /api/users 304 - - 1.232 ms[39m
2022-11-25 10:21:32:2132 [35mhttp[39m: [35mGET /api/users 304 - - 7.429 ms[39m
2022-11-25 10:22:01:221 [35mhttp[39m: [35mGET /api/users 304 - - 5.338 ms[39m
2022-11-25 10:22:03:223 [35mhttp[39m: [35mGET /api/users 304 - - 1.649 ms[39m
2022-11-25 10:22:17:2217 [35mhttp[39m: [35mGET /api/users/1 304 - - 1.677 ms[39m
2022-11-25 10:22:19:2219 [35mhttp[39m: [35mGET /api/users 304 - - 1.122 ms[39m
2022-11-25 10:22:24:2224 [35mhttp[39m: [35mGET /api/users/1 304 - - 1.612 ms[39m
2022-11-25 10:22:27:2227 [35mhttp[39m: [35mGET /api/users 304 - - 1.049 ms[39m
2022-11-25 10:37:55:3755 [35mhttp[39m: [35mGET /api/users 304 - - 3.651 ms[39m
2022-11-25 10:37:57:3757 [35mhttp[39m: [35mGET /api/users/2 304 - - 3.907 ms[39m
2022-11-25 10:38:03:383 [35mhttp[39m: [35mPUT /api/users/2 200 69 - 6.321 ms[39m
2022-11-25 10:38:03:383 [35mhttp[39m: [35mGET /api/users/2 200 69 - 1.241 ms[39m
2022-11-25 10:38:25:3825 [35mhttp[39m: [35mGET /api/users 200 297 - 1.128 ms[39m
2022-11-25 10:40:48:4048 [35mhttp[39m: [35mGET /api/users 304 - - 1.898 ms[39m
2022-11-25 10:40:57:4057 [35mhttp[39m: [35mGET /api/users 304 - - 2.189 ms[39m
2022-11-25 10:41:22:4122 [35mhttp[39m: [35mGET /api/users 304 - - 1.741 ms[39m
2022-11-25 10:41:38:4138 [35mhttp[39m: [35mGET /api/users 304 - - 0.814 ms[39m
2022-11-25 10:42:27:4227 [35mhttp[39m: [35mGET /api/users 304 - - 2.725 ms[39m
2022-11-25 10:43:51:4351 [35mhttp[39m: [35mGET /api/users 304 - - 2.292 ms[39m
2022-11-25 10:51:08:518 [35mhttp[39m: [35mGET /api/users 304 - - 4.469 ms[39m
2022-11-25 10:51:12:5112 [35mhttp[39m: [35mDELETE /api/users/3 200 69 - 8.069 ms[39m
2022-11-25 10:51:12:5112 [35mhttp[39m: [35mGET /api/users 200 227 - 1.078 ms[39m
2022-11-25 11:09:47:947 [35mhttp[39m: [35mGET /api/users 304 - - 3.648 ms[39m
2022-11-25 11:09:57:957 [35mhttp[39m: [35mDELETE /api/users/[object%20Object] 400 57 - 33.237 ms[39m
2022-11-25 11:09:57:957 [35mhttp[39m: [35mGET /api/users 304 - - 0.708 ms[39m
2022-11-25 11:17:08:178 [35mhttp[39m: [35mGET /api/users 304 - - 26.451 ms[39m
2022-11-25 11:17:12:1712 [35mhttp[39m: [35mDELETE /api/users/2 200 69 - 3.948 ms[39m
2022-11-25 11:17:12:1712 [35mhttp[39m: [35mGET /api/users 200 157 - 6.365 ms[39m
2022-11-25 11:18:11:1811 [35mhttp[39m: [35mGET /api/users 304 - - 1.605 ms[39m
2022-11-25 11:18:12:1812 [35mhttp[39m: [35mGET /api/users 304 - - 0.730 ms[39m
2022-11-25 11:19:20:1920 [35mhttp[39m: [35mDELETE /api/users/7 200 76 - 4.732 ms[39m
2022-11-25 11:19:20:1920 [35mhttp[39m: [35mGET /api/users 200 80 - 1.229 ms[39m
2022-11-25 11:21:14:2114 [35mhttp[39m: [35mGET /api/users 304 - - 4.649 ms[39m
2022-11-25 11:21:44:2144 [35mhttp[39m: [35mGET /api/users 304 - - 1.781 ms[39m
2022-11-25 11:30:39:3039 [35mhttp[39m: [35mGET /api/users 304 - - 3.103 ms[39m
2022-11-25 11:30:57:3057 [35mhttp[39m: [35mPOST /api/users 200 65 - 5.710 ms[39m
2022-11-25 11:32:05:325 [35mhttp[39m: [35mPOST /api/users 200 70 - 6.060 ms[39m
2022-11-25 11:32:05:325 [35mhttp[39m: [35mGET /api/users 200 217 - 1.491 ms[39m
2022-11-25 11:39:47:3947 [35mhttp[39m: [35mGET /api/users 304 - - 3.774 ms[39m
2022-11-25 11:39:49:3949 [35mhttp[39m: [35mGET /api/users 304 - - 6.751 ms[39m
2022-11-25 11:39:51:3951 [35mhttp[39m: [35mGET /api/users/1 304 - - 2.321 ms[39m
2022-11-25 11:39:58:3958 [35mhttp[39m: [35mPUT /api/users/1 200 73 - 7.706 ms[39m
2022-11-25 11:39:58:3958 [35mhttp[39m: [35mGET /api/users/1 200 73 - 0.760 ms[39m
2022-11-25 11:40:00:400 [35mhttp[39m: [35mGET /api/users 200 212 - 0.555 ms[39m
2022-11-25 11:46:10:4610 [35mhttp[39m: [35mGET /api/users 304 - - 1.968 ms[39m
2022-11-25 11:46:15:4615 [35mhttp[39m: [35mGET /api/users/1 304 - - 1.645 ms[39m
2022-11-25 11:46:20:4620 [35mhttp[39m: [35mPUT /api/users/1 200 76 - 3.789 ms[39m
2022-11-25 11:46:20:4620 [35mhttp[39m: [35mGET /api/users/1 200 76 - 2.527 ms[39m
2022-11-25 11:46:23:4623 [35mhttp[39m: [35mGET /api/users 200 215 - 3.241 ms[39m
2022-11-25 11:47:59:4759 [35mhttp[39m: [35mGET /api/users 304 - - 2.758 ms[39m
2022-11-25 11:48:02:482 [35mhttp[39m: [35mGET /api/users/1 304 - - 1.600 ms[39m
2022-11-25 11:48:06:486 [35mhttp[39m: [35mPUT /api/users/1 200 77 - 3.378 ms[39m
2022-11-25 11:48:06:486 [35mhttp[39m: [35mGET /api/users/1 200 77 - 1.329 ms[39m
2022-11-25 11:48:08:488 [35mhttp[39m: [35mGET /api/users 200 216 - 3.501 ms[39m
2022-11-25 11:55:00:550 [35mhttp[39m: [35mGET /api/users 304 - - 2.081 ms[39m
2022-11-25 11:55:14:5514 [35mhttp[39m: [35mPOST /api/users 200 67 - 4.438 ms[39m
2022-11-25 11:55:59:5559 [35mhttp[39m: [35mPOST /api/users 200 77 - 8.182 ms[39m
2022-11-25 11:55:59:5559 [35mhttp[39m: [35mGET /api/users 200 362 - 1.323 ms[39m
2022-11-25 12:59:11:5911 [35mhttp[39m: [35mGET /api/users 304 - - 2.215 ms[39m
2022-11-25 12:59:16:5916 [35mhttp[39m: [35mDELETE /api/users/11 200 77 - 5.284 ms[39m
2022-11-25 12:59:16:5916 [35mhttp[39m: [35mGET /api/users 200 284 - 1.194 ms[39m
2022-11-25 12:59:38:5938 [35mhttp[39m: [35mGET /api/users 304 - - 2.078 ms[39m
2022-11-25 12:59:41:5941 [35mhttp[39m: [35mDELETE /api/users/10 200 67 - 3.092 ms[39m
2022-11-25 12:59:41:5941 [35mhttp[39m: [35mGET /api/users 200 216 - 0.823 ms[39m
2022-11-25 12:59:43:5943 [35mhttp[39m: [35mGET /api/users 304 - - 0.742 ms[39m
2022-11-25 13:02:18:218 [35mhttp[39m: [35mDELETE /api/users/9 200 70 - 20.844 ms[39m
2022-11-25 13:02:18:218 [35mhttp[39m: [35mGET /api/users 200 145 - 1.379 ms[39m
2022-11-25 13:03:03:33 [35mhttp[39m: [35mGET /api/users/1 304 - - 16.863 ms[39m
2022-11-25 13:03:57:357 [35mhttp[39m: [35mGET /api/users/1 304 - - 11.101 ms[39m
2022-11-25 13:05:11:511 [35mhttp[39m: [35mGET /api/users/1 304 - - 10.356 ms[39m
2022-11-25 13:05:14:514 [35mhttp[39m: [35mPUT /api/users/1 200 74 - 4.876 ms[39m
2022-11-25 13:05:14:514 [35mhttp[39m: [35mGET /api/users/1 200 74 - 1.375 ms[39m
2022-11-25 13:05:25:525 [35mhttp[39m: [35mPUT /api/users/1 200 73 - 3.359 ms[39m
2022-11-25 13:05:25:525 [35mhttp[39m: [35mGET /api/users/1 200 73 - 1.475 ms[39m
2022-11-25 13:10:40:1040 [35mhttp[39m: [35mGET /api/users/1 304 - - 3.131 ms[39m
2022-11-25 13:11:03:113 [35mhttp[39m: [35mGET /api/users/1 304 - - 3.342 ms[39m
2022-11-25 13:12:31:1231 [35mhttp[39m: [35mGET /api/users/1 304 - - 3.737 ms[39m
2022-11-25 13:13:09:139 [35mhttp[39m: [35mPUT /api/users/1 200 77 - 12.941 ms[39m
2022-11-25 13:13:09:139 [35mhttp[39m: [35mGET /api/users/1 200 77 - 1.796 ms[39m
2022-11-25 13:13:11:1311 [35mhttp[39m: [35mGET /api/users 200 145 - 1.401 ms[39m
2022-11-25 13:13:16:1316 [35mhttp[39m: [35mGET /api/users/1 304 - - 1.281 ms[39m
2022-11-25 13:20:20:2020 [35mhttp[39m: [35mGET /api/users/1 304 - - 5.556 ms[39m
2022-11-25 13:20:43:2043 [35mhttp[39m: [35mGET /api/users/1 304 - - 2.909 ms[39m
2022-11-25 13:21:22:2122 [35mhttp[39m: [35mGET /api/users/1 304 - - 3.256 ms[39m
2022-11-25 13:21:58:2158 [35mhttp[39m: [35mGET /api/users/1 304 - - 2.605 ms[39m
2022-11-25 13:23:48:2348 [35mhttp[39m: [35mPUT /api/users/1 200 77 - 8.178 ms[39m
2022-11-25 13:23:48:2348 [35mhttp[39m: [35mGET /api/users/1 200 77 - 0.926 ms[39m
2022-11-25 13:24:20:2420 [35mhttp[39m: [35mGET /api/users 304 - - 1.510 ms[39m
2022-11-25 13:39:39:3939 [35mhttp[39m: [35mGET /api/users 304 - - 4.536 ms[39m
2022-11-25 13:40:29:4029 [35mhttp[39m: [35mGET /api/users 304 - - 2.821 ms[39m
2022-11-25 13:40:35:4035 [35mhttp[39m: [35mGET /api/users 304 - - 2.172 ms[39m
2022-11-25 13:43:53:4353 [35mhttp[39m: [35mGET /api/users 304 - - 2.039 ms[39m
2022-11-25 13:44:48:4448 [35mhttp[39m: [35mGET /api/users 304 - - 4.828 ms[39m
2022-11-25 13:46:21:4621 [35mhttp[39m: [35mGET /api/users 304 - - 2.543 ms[39m
2022-11-25 14:02:23:223 [35mhttp[39m: [35mGET /api/users 304 - - 10.515 ms[39m
2022-11-25 14:05:38:538 [35mhttp[39m: [35mGET /api/users 304 - - 2.755 ms[39m
2022-11-25 14:05:41:541 [35mhttp[39m: [35mGET /api/users 304 - - 1.251 ms[39m
2022-11-25 14:05:50:550 [35mhttp[39m: [35mGET /api/users 304 - - 1.640 ms[39m
2022-11-25 14:10:46:1046 [35mhttp[39m: [35mGET /api/users 304 - - 3.566 ms[39m
2022-11-25 14:10:49:1049 [35mhttp[39m: [35mGET /api/users/1 304 - - 2.421 ms[39m
2022-11-25 14:10:51:1051 [35mhttp[39m: [35mGET /api/users 304 - - 1.425 ms[39m
2022-11-25 14:10:59:1059 [35mhttp[39m: [35mGET /api/users/1 304 - - 1.508 ms[39m
2022-11-25 14:11:01:111 [35mhttp[39m: [35mGET /api/users 304 - - 1.649 ms[39m
2022-11-25 14:12:02:122 [35mhttp[39m: [35mGET /api/users 304 - - 6.240 ms[39m
2022-11-25 14:12:17:1217 [35mhttp[39m: [35mGET /api/users 304 - - 2.142 ms[39m
2022-11-25 14:12:18:1218 [35mhttp[39m: [35mGET /api/users 304 - - 0.767 ms[39m
2022-11-25 14:15:09:159 [35mhttp[39m: [35mGET /api/users 304 - - 4.127 ms[39m
2022-11-25 14:15:12:1512 [35mhttp[39m: [35mGET /api/users/1 304 - - 1.814 ms[39m
2022-11-25 14:15:15:1515 [35mhttp[39m: [35mGET /api/users 304 - - 1.416 ms[39m
2022-11-25 14:15:34:1534 [35mhttp[39m: [35mGET /api/users 304 - - 24.606 ms[39m
2022-11-25 14:15:36:1536 [35mhttp[39m: [35mGET /api/users 304 - - 1.474 ms[39m
2022-11-25 14:15:38:1538 [35mhttp[39m: [35mGET /api/users/1 304 - - 3.300 ms[39m
2022-11-25 14:15:39:1539 [35mhttp[39m: [35mGET /api/users 304 - - 2.087 ms[39m
2022-11-25 14:21:08:218 [35mhttp[39m: [35mGET /api/users 304 - - 3.151 ms[39m
2022-11-25 14:42:17:4217 [35mhttp[39m: [35mGET /api/users 200 145 - 1.998 ms[39m
2022-11-25 14:42:31:4231 [35mhttp[39m: [35mPOST /api/users 200 75 - 4.370 ms[39m
2022-11-25 14:42:40:4240 [35mhttp[39m: [35mGET /api/users 200 221 - 1.447 ms[39m
